<?xml version="1.0" encoding="UTF-8"?>
<testsuite xmlns:xsi="http://www.w3.org/2001/XMLSchema-instance" xsi:noNamespaceSchemaLocation="https://maven.apache.org/surefire/maven-surefire-plugin/xsd/surefire-test-report.xsd" name="TestSuite" time="62.619" tests="2" errors="0" skipped="0" failures="1">
  <properties>
[...]
</properties>
  <testcase name="DemoPass" classname="Demo.Sample.Automation" time="4.69"/>
  <testcase name="DemoFail" classname="Demo.Sample.Automation" time="24.487">
    <failure message="no such element: Unable to locate element: {&quot;method&quot;:&quot;css selector&quot;,&quot;selector&quot;:&quot;input[value=&apos;Log I&apos;]&quot;}&#10;  (Session info: chrome=80.0.3987.132)&#10;For documentation on this error, please visit: https://www.seleniumhq.org/exceptions/no_such_element.html&#10;Build info: version: &apos;3.141.59&apos;, revision: &apos;e82be7d358&apos;, time: &apos;2018-11-14T08:17:03&apos;&#10;System info: host: &apos;MUDASSIR&apos;, ip: &apos;192.168.0.4&apos;, os.name: &apos;Windows 10&apos;, os.arch: &apos;amd64&apos;, os.version: &apos;10.0&apos;, java.version: &apos;13.0.2&apos;&#10;Driver info: org.openqa.selenium.chrome.ChromeDriver&#10;Capabilities {acceptInsecureCerts: false, browserName: chrome, browserVersion: 80.0.3987.132, chrome: {chromedriverVersion: 80.0.3987.16 (320f6526c1632..., userDataDir: C:\Users\MUHAMM~1\AppData\L...}, goog:chromeOptions: {debuggerAddress: localhost:54955}, javascriptEnabled: true, networkConnectionEnabled: false, pageLoadStrategy: normal, platform: WINDOWS, platformName: WINDOWS, proxy: Proxy(), setWindowRect: true, strictFileInteractability: false, timeouts: {implicit: 0, pageLoad: 300000, script: 30000}, unhandledPromptBehavior: dismiss and notify}&#10;Session ID: 7a2b64840d88a051643d1c2e1249f83b&#10;*** Element info: {Using=css selector, value=input[value=&apos;Log I&apos;]}" type="org.openqa.selenium.NoSuchElementException">org.openqa.selenium.NoSuchElementException: 
no such element: Unable to locate element: {"method":"css selector","selector":"input[value='Log I']"}
  (Session info: chrome=80.0.3987.132)
For documentation on this error, please visit: https://www.seleniumhq.org/exceptions/no_such_element.html
Build info: version: '3.141.59', revision: 'e82be7d358', time: '2018-11-14T08:17:03'
System info: host: 'MUDASSIR', ip: '192.168.0.4', os.name: 'Windows 10', os.arch: 'amd64', os.version: '10.0', java.version: '13.0.2'
Driver info: org.openqa.selenium.chrome.ChromeDriver
Capabilities {acceptInsecureCerts: false, browserName: chrome, browserVersion: 80.0.3987.132, chrome: {chromedriverVersion: 80.0.3987.16 (320f6526c1632..., userDataDir: C:\Users\MUHAMM~1\AppData\L...}, goog:chromeOptions: {debuggerAddress: localhost:54955}, javascriptEnabled: true, networkConnectionEnabled: false, pageLoadStrategy: normal, platform: WINDOWS, platformName: WINDOWS, proxy: Proxy(), setWindowRect: true, strictFileInteractability: false, timeouts: {implicit: 0, pageLoad: 300000, script: 30000}, unhandledPromptBehavior: dismiss and notify}
Session ID: 7a2b64840d88a051643d1c2e1249f83b
*** Element info: {Using=css selector, value=input[value='Log I']}
	at Demo.Sample.Automation.DemoFail(Automation.java:43)
</failure>
    <system-err><![CDATA[Starting ChromeDriver 80.0.3987.16 (320f6526c1632ad4f205ebce69b99a062ed78647-refs/branch-heads/3987@{#185}) on port 44507
Only local connections are allowed.
Please protect ports used by ChromeDriver and related test frameworks to prevent access by malicious code.
[1584191503.492][WARNING]: Timed out connecting to Chrome, retrying...
Mar 14, 2020 6:41:45 PM org.openqa.selenium.remote.ProtocolHandshake createSession
INFO: Detected dialect: W3C
[1584191507.534][WARNING]: Timed out connecting to Chrome, retrying...
[1584191510.261][SEVERE]: Timed out receiving message from renderer: 0.100
[1584191510.362][SEVERE]: Timed out receiving message from renderer: 0.100
[1584191510.879][SEVERE]: Timed out receiving message from renderer: 0.100
[1584191510.994][SEVERE]: Timed out receiving message from renderer: 0.100
[1584191511.340][SEVERE]: Timed out receiving message from renderer: 0.100
[1584191511.696][SEVERE]: Timed out receiving message from renderer: 0.100
[1584191512.201][SEVERE]: Timed out receiving message from renderer: 0.100
[1584191512.304][SEVERE]: Timed out receiving message from renderer: 0.100
[1584191512.422][SEVERE]: Timed out receiving message from renderer: 0.100
[1584191512.707][SEVERE]: Timed out receiving message from renderer: 0.100
[1584191512.810][SEVERE]: Timed out receiving message from renderer: 0.100
[1584191512.912][SEVERE]: Timed out receiving message from renderer: 0.100
[1584191513.014][SEVERE]: Timed out receiving message from renderer: 0.100
[1584191513.116][SEVERE]: Timed out receiving message from renderer: 0.100
[1584191513.301][SEVERE]: Timed out receiving message from renderer: 0.100
[1584191513.404][SEVERE]: Timed out receiving message from renderer: 0.100
[1584191513.507][SEVERE]: Timed out receiving message from renderer: 0.100
[1584191513.711][SEVERE]: Timed out receiving message from renderer: 0.100
[1584191514.000][SEVERE]: Timed out receiving message from renderer: 0.100
]]></system-err>
  </testcase>
</testsuite>