<?xml version="1.0" encoding="UTF-8"?>
<testsuite xmlns:xsi="http://www.w3.org/2001/XMLSchema-instance" xsi:noNamespaceSchemaLocation="https://maven.apache.org/surefire/maven-surefire-plugin/xsd/surefire-test-report.xsd" name="TestSuite" time="137.072" tests="4" errors="0" skipped="0" failures="2">
  <properties>
[...]
</properties>
  <testcase name="DemoPass" classname="Demo.Sample.Automation" time="4.753"/>
  <testcase name="DemoPass" classname="Demo.Sample.Automation" time="4.432"/>
  <testcase name="DemoFail" classname="Demo.Sample.Automation" time="24.481">
    <failure message="Unable to locate element: input[value=&apos;Log I&apos;]&#10;For documentation on this error, please visit: https://www.seleniumhq.org/exceptions/no_such_element.html&#10;Build info: version: &apos;3.141.59&apos;, revision: &apos;e82be7d358&apos;, time: &apos;2018-11-14T08:17:03&apos;&#10;System info: host: &apos;CDN190&apos;, ip: &apos;10.8.0.16&apos;, os.name: &apos;Windows 7&apos;, os.arch: &apos;amd64&apos;, os.version: &apos;6.1&apos;, java.version: &apos;1.8.0_191&apos;&#10;Driver info: org.openqa.selenium.firefox.FirefoxDriver&#10;Capabilities {acceptInsecureCerts: true, browserName: firefox, browserVersion: 73.0, javascriptEnabled: true, moz:accessibilityChecks: false, moz:buildID: 20200207195153, moz:geckodriverVersion: 0.26.0, moz:headless: false, moz:processID: 8624, moz:profile: C:\Users\mudassirkhan\AppDa..., moz:shutdownTimeout: 60000, moz:useNonSpecCompliantPointerOrigin: false, moz:webdriverClick: true, pageLoadStrategy: normal, platform: WINDOWS, platformName: WINDOWS, platformVersion: 6.1, rotatable: false, setWindowRect: true, strictFileInteractability: false, timeouts: {implicit: 0, pageLoad: 300000, script: 30000}, unhandledPromptBehavior: dismiss and notify}&#10;Session ID: 86e6d0bd-e098-4aaa-b439-75d6abe615c7&#10;*** Element info: {Using=css selector, value=input[value=&apos;Log I&apos;]}" type="org.openqa.selenium.NoSuchElementException">org.openqa.selenium.NoSuchElementException: 
Unable to locate element: input[value='Log I']
For documentation on this error, please visit: https://www.seleniumhq.org/exceptions/no_such_element.html
Build info: version: '3.141.59', revision: 'e82be7d358', time: '2018-11-14T08:17:03'
System info: host: 'CDN190', ip: '10.8.0.16', os.name: 'Windows 7', os.arch: 'amd64', os.version: '6.1', java.version: '1.8.0_191'
Driver info: org.openqa.selenium.firefox.FirefoxDriver
Capabilities {acceptInsecureCerts: true, browserName: firefox, browserVersion: 73.0, javascriptEnabled: true, moz:accessibilityChecks: false, moz:buildID: 20200207195153, moz:geckodriverVersion: 0.26.0, moz:headless: false, moz:processID: 8624, moz:profile: C:\Users\mudassirkhan\AppDa..., moz:shutdownTimeout: 60000, moz:useNonSpecCompliantPointerOrigin: false, moz:webdriverClick: true, pageLoadStrategy: normal, platform: WINDOWS, platformName: WINDOWS, platformVersion: 6.1, rotatable: false, setWindowRect: true, strictFileInteractability: false, timeouts: {implicit: 0, pageLoad: 300000, script: 30000}, unhandledPromptBehavior: dismiss and notify}
Session ID: 86e6d0bd-e098-4aaa-b439-75d6abe615c7
*** Element info: {Using=css selector, value=input[value='Log I']}
	at Demo.Sample.Automation.DemoFail(Automation.java:44)
</failure>
    <system-err><![CDATA[1584351589484	Marionette	INFO	Stopped listening on port 55301

###!!! [Child][RunMessage] Error: Channel closing: too late to send/recv, messages will be lost


###!!! [Child][MessageChannel::SendAndWait] Error: Channel error: cannot send/recv

1584351591336	mozrunner::runner	INFO	Running command: "C:\\Program Files\\Mozilla Firefox\\firefox.exe" "-marionette" "-foreground" "-no-remote" "-profile" "C:\\Users\\MUDASS~1\\AppData\\Local\\Temp\\rust_mozprofilePEDdA1"
1584351591702	addons.webextension.doh-rollout@mozilla.org	WARN	Loading extension 'doh-rollout@mozilla.org': Reading manifest: Invalid extension permission: networkStatus
1584351591980	addons.webextension.screenshots@mozilla.org	WARN	Loading extension 'screenshots@mozilla.org': Reading manifest: Invalid extension permission: mozillaAddons
1584351591980	addons.webextension.screenshots@mozilla.org	WARN	Loading extension 'screenshots@mozilla.org': Reading manifest: Invalid extension permission: telemetry
1584351591980	addons.webextension.screenshots@mozilla.org	WARN	Loading extension 'screenshots@mozilla.org': Reading manifest: Invalid extension permission: resource://pdf.js/
1584351591980	addons.webextension.screenshots@mozilla.org	WARN	Loading extension 'screenshots@mozilla.org': Reading manifest: Invalid extension permission: about:reader*
JavaScript error: resource://gre/modules/XULStore.jsm, line 66: Error: Can't find profile directory.
1584351593364	Marionette	INFO	Listening on port 55382
1584351593512	Marionette	WARN	TLS certificate errors will be ignored for this session
Mar 16, 2020 3:09:53 PM org.openqa.selenium.remote.ProtocolHandshake createSession
INFO: Detected dialect: W3C
]]></system-err>
  </testcase>
  <testcase name="DemoFail" classname="Demo.Sample.Automation" time="24.341">
    <failure message="no such element: Unable to locate element: {&quot;method&quot;:&quot;css selector&quot;,&quot;selector&quot;:&quot;input[value=&apos;Log I&apos;]&quot;}&#10;  (Session info: chrome=80.0.3987.132)&#10;For documentation on this error, please visit: https://www.seleniumhq.org/exceptions/no_such_element.html&#10;Build info: version: &apos;3.141.59&apos;, revision: &apos;e82be7d358&apos;, time: &apos;2018-11-14T08:17:03&apos;&#10;System info: host: &apos;CDN190&apos;, ip: &apos;10.8.0.16&apos;, os.name: &apos;Windows 7&apos;, os.arch: &apos;amd64&apos;, os.version: &apos;6.1&apos;, java.version: &apos;1.8.0_191&apos;&#10;Driver info: org.openqa.selenium.chrome.ChromeDriver&#10;Capabilities {acceptInsecureCerts: false, browserName: chrome, browserVersion: 80.0.3987.132, chrome: {chromedriverVersion: 80.0.3987.16 (320f6526c1632..., userDataDir: C:\Users\MUDASS~1\AppData\L...}, goog:chromeOptions: {debuggerAddress: localhost:55507}, javascriptEnabled: true, networkConnectionEnabled: false, pageLoadStrategy: normal, platform: WINDOWS, platformName: WINDOWS, proxy: Proxy(), setWindowRect: true, strictFileInteractability: false, timeouts: {implicit: 0, pageLoad: 300000, script: 30000}, unhandledPromptBehavior: dismiss and notify}&#10;Session ID: b2a38eb29030a24cd0eabbf9fa80a784&#10;*** Element info: {Using=css selector, value=input[value=&apos;Log I&apos;]}" type="org.openqa.selenium.NoSuchElementException">org.openqa.selenium.NoSuchElementException: 
no such element: Unable to locate element: {"method":"css selector","selector":"input[value='Log I']"}
  (Session info: chrome=80.0.3987.132)
For documentation on this error, please visit: https://www.seleniumhq.org/exceptions/no_such_element.html
Build info: version: '3.141.59', revision: 'e82be7d358', time: '2018-11-14T08:17:03'
System info: host: 'CDN190', ip: '10.8.0.16', os.name: 'Windows 7', os.arch: 'amd64', os.version: '6.1', java.version: '1.8.0_191'
Driver info: org.openqa.selenium.chrome.ChromeDriver
Capabilities {acceptInsecureCerts: false, browserName: chrome, browserVersion: 80.0.3987.132, chrome: {chromedriverVersion: 80.0.3987.16 (320f6526c1632..., userDataDir: C:\Users\MUDASS~1\AppData\L...}, goog:chromeOptions: {debuggerAddress: localhost:55507}, javascriptEnabled: true, networkConnectionEnabled: false, pageLoadStrategy: normal, platform: WINDOWS, platformName: WINDOWS, proxy: Proxy(), setWindowRect: true, strictFileInteractability: false, timeouts: {implicit: 0, pageLoad: 300000, script: 30000}, unhandledPromptBehavior: dismiss and notify}
Session ID: b2a38eb29030a24cd0eabbf9fa80a784
*** Element info: {Using=css selector, value=input[value='Log I']}
	at Demo.Sample.Automation.DemoFail(Automation.java:44)
</failure>
    <system-err><![CDATA[Starting ChromeDriver 80.0.3987.16 (320f6526c1632ad4f205ebce69b99a062ed78647-refs/branch-heads/3987@{#185}) on port 20656
Only local connections are allowed.
Please protect ports used by ChromeDriver and related test frameworks to prevent access by malicious code.
Mar 16, 2020 3:11:01 PM org.openqa.selenium.remote.ProtocolHandshake createSession
INFO: Detected dialect: W3C
[1584351663.721][SEVERE]: Timed out receiving message from renderer: 0.100
[1584351663.822][SEVERE]: Timed out receiving message from renderer: 0.100
[1584351663.924][SEVERE]: Timed out receiving message from renderer: 0.100
[1584351664.027][SEVERE]: Timed out receiving message from renderer: 0.100
[1584351664.128][SEVERE]: Timed out receiving message from renderer: 0.100
[1584351664.229][SEVERE]: Timed out receiving message from renderer: 0.100
[1584351664.334][SEVERE]: Timed out receiving message from renderer: 0.100
[1584351664.435][SEVERE]: Timed out receiving message from renderer: 0.100
[1584351664.538][SEVERE]: Timed out receiving message from renderer: 0.100
[1584351664.645][SEVERE]: Timed out receiving message from renderer: 0.100
[1584351664.746][SEVERE]: Timed out receiving message from renderer: 0.100
[1584351664.848][SEVERE]: Timed out receiving message from renderer: 0.100
[1584351664.951][SEVERE]: Timed out receiving message from renderer: 0.100
[1584351665.054][SEVERE]: Timed out receiving message from renderer: 0.100
[1584351665.156][SEVERE]: Timed out receiving message from renderer: 0.100
[1584351665.258][SEVERE]: Timed out receiving message from renderer: 0.100
[1584351665.359][SEVERE]: Timed out receiving message from renderer: 0.100
[1584351665.462][SEVERE]: Timed out receiving message from renderer: 0.100
[1584351665.565][SEVERE]: Timed out receiving message from renderer: 0.100
[1584351665.666][SEVERE]: Timed out receiving message from renderer: 0.100
[1584351665.773][SEVERE]: Timed out receiving message from renderer: 0.100
[1584351665.874][SEVERE]: Timed out receiving message from renderer: 0.100
[1584351665.978][SEVERE]: Timed out receiving message from renderer: 0.100
[1584351666.080][SEVERE]: Timed out receiving message from renderer: 0.100
[1584351666.182][SEVERE]: Timed out receiving message from renderer: 0.100
[1584351666.285][SEVERE]: Timed out receiving message from renderer: 0.100
[1584351666.441][SEVERE]: Timed out receiving message from renderer: 0.100
[1584351666.586][SEVERE]: Timed out receiving message from renderer: 0.100
[1584351666.687][SEVERE]: Timed out receiving message from renderer: 0.100
[1584351666.788][SEVERE]: Timed out receiving message from renderer: 0.100
[1584351666.890][SEVERE]: Timed out receiving message from renderer: 0.100
[1584351666.993][SEVERE]: Timed out receiving message from renderer: 0.100
[1584351667.094][SEVERE]: Timed out receiving message from renderer: 0.100
[1584351667.195][SEVERE]: Timed out receiving message from renderer: 0.100
[1584351667.298][SEVERE]: Timed out receiving message from renderer: 0.100
[1584351667.399][SEVERE]: Timed out receiving message from renderer: 0.100
[1584351667.500][SEVERE]: Timed out receiving message from renderer: 0.100
[1584351667.603][SEVERE]: Timed out receiving message from renderer: 0.100
[1584351667.704][SEVERE]: Timed out receiving message from renderer: 0.100
[1584351667.806][SEVERE]: Timed out receiving message from renderer: 0.100
[1584351667.908][SEVERE]: Timed out receiving message from renderer: 0.100
[1584351668.010][SEVERE]: Timed out receiving message from renderer: 0.100
[1584351668.111][SEVERE]: Timed out receiving message from renderer: 0.100
[1584351668.212][SEVERE]: Timed out receiving message from renderer: 0.100
[1584351668.314][SEVERE]: Timed out receiving message from renderer: 0.100
[1584351668.415][SEVERE]: Timed out receiving message from renderer: 0.100
[1584351668.516][SEVERE]: Timed out receiving message from renderer: 0.100
[1584351668.716][SEVERE]: Timed out receiving message from renderer: 0.100
[1584351668.818][SEVERE]: Timed out receiving message from renderer: 0.100
[1584351668.920][SEVERE]: Timed out receiving message from renderer: 0.100
[1584351669.079][SEVERE]: Timed out receiving message from renderer: 0.100
[1584351669.180][SEVERE]: Timed out receiving message from renderer: 0.100
[1584351669.337][SEVERE]: Timed out receiving message from renderer: 0.100
[1584351669.442][SEVERE]: Timed out receiving message from renderer: 0.100
[1584351669.583][SEVERE]: Timed out receiving message from renderer: 0.100
[1584351669.684][SEVERE]: Timed out receiving message from renderer: 0.100
[1584351669.786][SEVERE]: Timed out receiving message from renderer: 0.100
[1584351669.890][SEVERE]: Timed out receiving message from renderer: 0.100
[1584351670.045][SEVERE]: Timed out receiving message from renderer: 0.100
[1584351670.147][SEVERE]: Timed out receiving message from renderer: 0.100
[1584351670.249][SEVERE]: Timed out receiving message from renderer: 0.100
[1584351670.350][SEVERE]: Timed out receiving message from renderer: 0.100
[1584351670.451][SEVERE]: Timed out receiving message from renderer: 0.100
[1584351670.554][SEVERE]: Timed out receiving message from renderer: 0.100
[1584351670.777][SEVERE]: Timed out receiving message from renderer: 0.100
[1584351670.879][SEVERE]: Timed out receiving message from renderer: 0.100
[1584351670.981][SEVERE]: Timed out receiving message from renderer: 0.100
[1584351671.083][SEVERE]: Timed out receiving message from renderer: 0.100
[1584351671.185][SEVERE]: Timed out receiving message from renderer: 0.100
[1584351671.287][SEVERE]: Timed out receiving message from renderer: 0.100
[1584351671.389][SEVERE]: Timed out receiving message from renderer: 0.100
[1584351671.490][SEVERE]: Timed out receiving message from renderer: 0.100
[1584351671.591][SEVERE]: Timed out receiving message from renderer: 0.100
[1584351671.693][SEVERE]: Timed out receiving message from renderer: 0.100
[1584351671.795][SEVERE]: Timed out receiving message from renderer: 0.100
[1584351671.945][SEVERE]: Timed out receiving message from renderer: 0.100
[1584351672.415][SEVERE]: Timed out receiving message from renderer: 0.100
[1584351672.518][SEVERE]: Timed out receiving message from renderer: 0.100
[1584351672.619][SEVERE]: Timed out receiving message from renderer: 0.100
[1584351672.721][SEVERE]: Timed out receiving message from renderer: 0.100
[1584351672.822][SEVERE]: Timed out receiving message from renderer: 0.100
[1584351672.924][SEVERE]: Timed out receiving message from renderer: 0.100
[1584351673.026][SEVERE]: Timed out receiving message from renderer: 0.100
[1584351673.130][SEVERE]: Timed out receiving message from renderer: 0.100
[1584351673.232][SEVERE]: Timed out receiving message from renderer: 0.100
[1584351673.335][SEVERE]: Timed out receiving message from renderer: 0.100
[1584351673.438][SEVERE]: Timed out receiving message from renderer: 0.100
[1584351673.540][SEVERE]: Timed out receiving message from renderer: 0.100
[1584351673.642][SEVERE]: Timed out receiving message from renderer: 0.100
[1584351673.743][SEVERE]: Timed out receiving message from renderer: 0.100
[1584351673.844][SEVERE]: Timed out receiving message from renderer: 0.100
[1584351673.946][SEVERE]: Timed out receiving message from renderer: 0.100
[1584351674.049][SEVERE]: Timed out receiving message from renderer: 0.100
[1584351674.151][SEVERE]: Timed out receiving message from renderer: 0.100
[1584351674.312][SEVERE]: Timed out receiving message from renderer: 0.100
[1584351674.413][SEVERE]: Timed out receiving message from renderer: 0.100
[1584351674.514][SEVERE]: Timed out receiving message from renderer: 0.100
[1584351674.616][SEVERE]: Timed out receiving message from renderer: 0.100
[1584351674.800][SEVERE]: Timed out receiving message from renderer: 0.100
[1584351674.901][SEVERE]: Timed out receiving message from renderer: 0.100
[1584351675.005][SEVERE]: Timed out receiving message from renderer: 0.100
[1584351675.108][SEVERE]: Timed out receiving message from renderer: 0.100
[1584351675.210][SEVERE]: Timed out receiving message from renderer: 0.100
[1584351675.401][SEVERE]: Timed out receiving message from renderer: 0.100
[1584351675.504][SEVERE]: Timed out receiving message from renderer: 0.100
]]></system-err>
  </testcase>
</testsuite>