<?xml version="1.0" encoding="UTF-8"?>
<testng-results skipped="0" failed="0" total="1" passed="1">
  <reporter-output>
  </reporter-output>
  <suite name="Default suite" duration-ms="449" started-at="2019-11-26T08:53:56Z" finished-at="2019-11-26T08:53:57Z">
    <groups>
    </groups>
    <test name="Default test" duration-ms="449" started-at="2019-11-26T08:53:56Z" finished-at="2019-11-26T08:53:57Z">
      <class name="ParkCharge.Regression.ExtentReportDemo">
        <test-method status="PASS" signature="loginTest()[pri:0, instance:ParkCharge.Regression.ExtentReportDemo@51565ec2]" name="loginTest" duration-ms="436" started-at="2019-11-26T14:23:56Z" finished-at="2019-11-26T14:23:57Z">
          <reporter-output>
          </reporter-output>
        </test-method> <!-- loginTest -->
      </class> <!-- ParkCharge.Regression.ExtentReportDemo -->
    </test> <!-- Default test -->
  </suite> <!-- Default suite -->
</testng-results>
