-------------------------------------------------------------------------------
Test set: TestSuite
-------------------------------------------------------------------------------
Tests run: 1, Failures: 1, Errors: 0, Skipped: 0, Time elapsed: 87.808 sec <<< FAILURE! - in TestSuite
signUp(ParkCharge.Regression.TaubmanPrepod)  Time elapsed: 50.364 sec  <<< FAILURE!
java.lang.IllegalStateException: Cannot get a text value from a numeric cell
	at ParkCharge.Regression.TaubmanPrepod.signUp(TaubmanPrepod.java:56)

