<?xml version="1.0" encoding="UTF-8"?>
<!-- Generated by org.testng.reporters.JUnitXMLReporter -->
<testsuite hostname="cdn190" name="TaubmanBasic" tests="1" failures="1" timestamp="21 Dec 2019 11:22:07 GMT" time="87.37" errors="0">
  <testcase name="signUp" time="50.36" classname="ParkCharge.Regression.TaubmanPrepod">
    <failure type="java.lang.IllegalStateException" message="Cannot get a text value from a numeric cell">
      <![CDATA[java.lang.IllegalStateException: Cannot get a text value from a numeric cell
	at org.apache.poi.xssf.usermodel.XSSFCell.typeMismatch(XSSFCell.java:855)
	at org.apache.poi.xssf.usermodel.XSSFCell.getRichStringCellValue(XSSFCell.java:299)
	at org.apache.poi.xssf.usermodel.XSSFCell.getStringCellValue(XSSFCell.java:251)
	at ParkCharge.Regression.TestBase.getData(TestBase.java:64)
	at ParkCharge.Regression.TaubmanPrepod.signUp(TaubmanPrepod.java:56)
... Removed 27 stack frames]]>
    </failure>
  </testcase> <!-- signUp -->
</testsuite> <!-- TaubmanBasic -->
